[0.090s] DEBUG:colcon:Command line arguments: ['/bin/colcon', 'list', '-p', '--base-paths', '/home/kenny/waffleMaker']
[0.090s] DEBUG:colcon:Parsed command line arguments: Namespace(log_base=None, log_level=None, verb_name='list', build_base='build', ignore_user_meta=False, metas=['./colcon.meta'], base_paths=['/home/kenny/waffleMaker'], packages_ignore=None, packages_ignore_regex=None, paths=None, packages_up_to=None, packages_up_to_regex=None, packages_above=None, packages_above_and_dependencies=None, packages_above_depth=None, packages_select_by_dep=None, packages_skip_by_dep=None, packages_skip_up_to=None, packages_select_build_failed=False, packages_skip_build_finished=False, packages_select_test_failures=False, packages_skip_test_passed=False, packages_select=None, packages_skip=None, packages_select_regex=None, packages_skip_regex=None, packages_start=None, packages_end=None, allow_overriding=[], topological_order=False, names_only=False, paths_only=True, topological_graph=False, topological_graph_dot=False, topological_graph_density=False, topological_graph_legend=False, topological_graph_dot_cluster=False, topological_graph_dot_include_skipped=False, mixin_files=None, mixin=None, verb_parser=<colcon_mixin.mixin.mixin_argument.MixinArgumentDecorator object at 0x71839d2252d0>, verb_extension=<colcon_package_information.verb.list.ListVerb object at 0x71839d224220>, main=<bound method ListVerb.main of <colcon_package_information.verb.list.ListVerb object at 0x71839d224220>>, mixin_verb=('list',))
[0.265s] Level 1:colcon.colcon_core.package_discovery:discover_packages(colcon_meta) check parameters
[0.265s] Level 1:colcon.colcon_core.package_discovery:discover_packages(recursive) check parameters
[0.265s] Level 1:colcon.colcon_core.package_discovery:discover_packages(ignore) check parameters
[0.265s] Level 1:colcon.colcon_core.package_discovery:discover_packages(path) check parameters
[0.265s] Level 1:colcon.colcon_core.package_discovery:discover_packages(recursive) discover
[0.265s] INFO:colcon.colcon_core.package_discovery:Crawling recursively for packages in '/home/kenny/waffleMaker'
[0.265s] Level 1:colcon.colcon_core.package_identification:_identify(/home/kenny/waffleMaker) by extensions ['ignore', 'ignore_ament_install']
[0.265s] Level 1:colcon.colcon_core.package_identification:_identify(/home/kenny/waffleMaker) by extension 'ignore'
[0.265s] Level 1:colcon.colcon_core.package_identification:_identify(/home/kenny/waffleMaker) by extension 'ignore_ament_install'
[0.265s] Level 1:colcon.colcon_core.package_identification:_identify(/home/kenny/waffleMaker) by extensions ['colcon_pkg']
[0.265s] Level 1:colcon.colcon_core.package_identification:_identify(/home/kenny/waffleMaker) by extension 'colcon_pkg'
[0.265s] Level 1:colcon.colcon_core.package_identification:_identify(/home/kenny/waffleMaker) by extensions ['colcon_meta']
[0.265s] Level 1:colcon.colcon_core.package_identification:_identify(/home/kenny/waffleMaker) by extension 'colcon_meta'
[0.265s] Level 1:colcon.colcon_core.package_identification:_identify(/home/kenny/waffleMaker) by extensions ['ros']
[0.265s] Level 1:colcon.colcon_core.package_identification:_identify(/home/kenny/waffleMaker) by extension 'ros'
[0.276s] Level 1:colcon.colcon_core.package_identification:_identify(/home/kenny/waffleMaker) by extensions ['cmake', 'python']
[0.276s] Level 1:colcon.colcon_core.package_identification:_identify(/home/kenny/waffleMaker) by extension 'cmake'
[0.276s] Level 1:colcon.colcon_core.package_identification:_identify(/home/kenny/waffleMaker) by extension 'python'
[0.276s] Level 1:colcon.colcon_core.package_identification:_identify(/home/kenny/waffleMaker) by extensions ['python_setup_py']
[0.276s] Level 1:colcon.colcon_core.package_identification:_identify(/home/kenny/waffleMaker) by extension 'python_setup_py'
[0.276s] Level 1:colcon.colcon_core.package_identification:_identify(/home/kenny/waffleMaker/build) by extensions ['ignore', 'ignore_ament_install']
[0.276s] Level 1:colcon.colcon_core.package_identification:_identify(/home/kenny/waffleMaker/build) by extension 'ignore'
[0.276s] Level 1:colcon.colcon_core.package_identification:_identify(/home/kenny/waffleMaker/build) ignored
[0.276s] Level 1:colcon.colcon_core.package_identification:_identify(/home/kenny/waffleMaker/install) by extensions ['ignore', 'ignore_ament_install']
[0.276s] Level 1:colcon.colcon_core.package_identification:_identify(/home/kenny/waffleMaker/install) by extension 'ignore'
[0.276s] Level 1:colcon.colcon_core.package_identification:_identify(/home/kenny/waffleMaker/install) ignored
[0.276s] Level 1:colcon.colcon_core.package_identification:_identify(/home/kenny/waffleMaker/log) by extensions ['ignore', 'ignore_ament_install']
[0.276s] Level 1:colcon.colcon_core.package_identification:_identify(/home/kenny/waffleMaker/log) by extension 'ignore'
[0.276s] Level 1:colcon.colcon_core.package_identification:_identify(/home/kenny/waffleMaker/log) ignored
[0.276s] Level 1:colcon.colcon_core.package_identification:_identify(/home/kenny/waffleMaker/src) by extensions ['ignore', 'ignore_ament_install']
[0.277s] Level 1:colcon.colcon_core.package_identification:_identify(/home/kenny/waffleMaker/src) by extension 'ignore'
[0.277s] Level 1:colcon.colcon_core.package_identification:_identify(/home/kenny/waffleMaker/src) by extension 'ignore_ament_install'
[0.277s] Level 1:colcon.colcon_core.package_identification:_identify(/home/kenny/waffleMaker/src) by extensions ['colcon_pkg']
[0.277s] Level 1:colcon.colcon_core.package_identification:_identify(/home/kenny/waffleMaker/src) by extension 'colcon_pkg'
[0.277s] Level 1:colcon.colcon_core.package_identification:_identify(/home/kenny/waffleMaker/src) by extensions ['colcon_meta']
[0.277s] Level 1:colcon.colcon_core.package_identification:_identify(/home/kenny/waffleMaker/src) by extension 'colcon_meta'
[0.277s] Level 1:colcon.colcon_core.package_identification:_identify(/home/kenny/waffleMaker/src) by extensions ['ros']
[0.277s] Level 1:colcon.colcon_core.package_identification:_identify(/home/kenny/waffleMaker/src) by extension 'ros'
[0.277s] Level 1:colcon.colcon_core.package_identification:_identify(/home/kenny/waffleMaker/src) by extensions ['cmake', 'python']
[0.277s] Level 1:colcon.colcon_core.package_identification:_identify(/home/kenny/waffleMaker/src) by extension 'cmake'
[0.277s] Level 1:colcon.colcon_core.package_identification:_identify(/home/kenny/waffleMaker/src) by extension 'python'
[0.277s] Level 1:colcon.colcon_core.package_identification:_identify(/home/kenny/waffleMaker/src) by extensions ['python_setup_py']
[0.277s] Level 1:colcon.colcon_core.package_identification:_identify(/home/kenny/waffleMaker/src) by extension 'python_setup_py'
[0.277s] Level 1:colcon.colcon_core.package_identification:_identify(/home/kenny/waffleMaker/src/waffleController) by extensions ['ignore', 'ignore_ament_install']
[0.277s] Level 1:colcon.colcon_core.package_identification:_identify(/home/kenny/waffleMaker/src/waffleController) by extension 'ignore'
[0.277s] Level 1:colcon.colcon_core.package_identification:_identify(/home/kenny/waffleMaker/src/waffleController) by extension 'ignore_ament_install'
[0.277s] Level 1:colcon.colcon_core.package_identification:_identify(/home/kenny/waffleMaker/src/waffleController) by extensions ['colcon_pkg']
[0.277s] Level 1:colcon.colcon_core.package_identification:_identify(/home/kenny/waffleMaker/src/waffleController) by extension 'colcon_pkg'
[0.277s] Level 1:colcon.colcon_core.package_identification:_identify(/home/kenny/waffleMaker/src/waffleController) by extensions ['colcon_meta']
[0.277s] Level 1:colcon.colcon_core.package_identification:_identify(/home/kenny/waffleMaker/src/waffleController) by extension 'colcon_meta'
[0.277s] Level 1:colcon.colcon_core.package_identification:_identify(/home/kenny/waffleMaker/src/waffleController) by extensions ['ros']
[0.277s] Level 1:colcon.colcon_core.package_identification:_identify(/home/kenny/waffleMaker/src/waffleController) by extension 'ros'
[0.279s] DEBUG:colcon.colcon_core.package_identification:Package '/home/kenny/waffleMaker/src/waffleController' with type 'ros.ament_python' and name 'waffleController'
[0.279s] Level 1:colcon.colcon_core.package_discovery:discover_packages(recursive) using defaults
